This is pdfTeX, Version 3.14159265-2.6-1.40.18 (TeX Live 2017) (preloaded format=pdflatex 2017.5.23)  30 MAR 2020 17:52
entering extended mode
 restricted \write18 enabled.
 file:line:error style messages enabled.
 %&-line parsing enabled.
**litebird_r_statistics_bicep.tex
(./litebird_r_statistics_bicep.tex
LaTeX2e <2017-04-15>
Babel <3.10> and hyphenation patterns for 84 language(s) loaded.
(/usr/local/texlive/2017/texmf-dist/tex/latex/base/article.cls
Document Class: article 2014/09/29 v1.4h Standard LaTeX document class
(/usr/local/texlive/2017/texmf-dist/tex/latex/base/size11.clo
File: size11.clo 2014/09/29 v1.4h Standard LaTeX file (size option)
)
\c@part=\count79
\c@section=\count80
\c@subsection=\count81
\c@subsubsection=\count82
\c@paragraph=\count83
\c@subparagraph=\count84
\c@figure=\count85
\c@table=\count86
\abovecaptionskip=\skip41
\belowcaptionskip=\skip42
\bibindent=\dimen102
)
(/usr/local/texlive/2017/texmf-dist/tex/latex/booktabs/booktabs.sty
Package: booktabs 2016/04/27 v1.618033 publication quality tables
\heavyrulewidth=\dimen103
\lightrulewidth=\dimen104
\cmidrulewidth=\dimen105
\belowrulesep=\dimen106
\belowbottomsep=\dimen107
\aboverulesep=\dimen108
\abovetopsep=\dimen109
\cmidrulesep=\dimen110
\cmidrulekern=\dimen111
\defaultaddspace=\dimen112
\@cmidla=\count87
\@cmidlb=\count88
\@aboverulesep=\dimen113
\@belowrulesep=\dimen114
\@thisruleclass=\count89
\@lastruleclass=\count90
\@thisrulewidth=\dimen115
)
(/usr/local/texlive/2017/texmf-dist/tex/latex/tools/longtable.sty
Package: longtable 2014/10/28 v4.11 Multi-page Table package (DPC)
\LTleft=\skip43
\LTright=\skip44
\LTpre=\skip45
\LTpost=\skip46
\LTchunksize=\count91
\LTcapwidth=\dimen116
\LT@head=\box26
\LT@firsthead=\box27
\LT@foot=\box28
\LT@lastfoot=\box29
\LT@cols=\count92
\LT@rows=\count93
\c@LT@tables=\count94
\c@LT@chunks=\count95
\LT@p@ftn=\toks14
)
(/usr/local/texlive/2017/texmf-dist/tex/latex/graphics/graphicx.sty
Package: graphicx 2014/10/28 v1.0g Enhanced LaTeX Graphics (DPC,SPQR)

(/usr/local/texlive/2017/texmf-dist/tex/latex/graphics/keyval.sty
Package: keyval 2014/10/28 v1.15 key=value parser (DPC)
\KV@toks@=\toks15
)
(/usr/local/texlive/2017/texmf-dist/tex/latex/graphics/graphics.sty
Package: graphics 2017/04/14 v1.1b Standard LaTeX Graphics (DPC,SPQR)

(/usr/local/texlive/2017/texmf-dist/tex/latex/graphics/trig.sty
Package: trig 2016/01/03 v1.10 sin cos tan (DPC)
)
(/usr/local/texlive/2017/texmf-dist/tex/latex/graphics-cfg/graphics.cfg
File: graphics.cfg 2016/06/04 v1.11 sample graphics configuration
)
Package graphics Info: Driver file: pdftex.def on input line 99.

(/usr/local/texlive/2017/texmf-dist/tex/latex/graphics-def/pdftex.def
File: pdftex.def 2017/01/12 v0.06k Graphics/color for pdfTeX

(/usr/local/texlive/2017/texmf-dist/tex/generic/oberdiek/infwarerr.sty
Package: infwarerr 2016/05/16 v1.4 Providing info/warning/error messages (HO)
)
(/usr/local/texlive/2017/texmf-dist/tex/generic/oberdiek/ltxcmds.sty
Package: ltxcmds 2016/05/16 v1.23 LaTeX kernel commands for general use (HO)
)
\Gread@gobject=\count96
))
\Gin@req@height=\dimen117
\Gin@req@width=\dimen118
)
(./litebird_r_statistics_bicep.aux)
\openout1 = `litebird_r_statistics_bicep.aux'.

LaTeX Font Info:    Checking defaults for OML/cmm/m/it on input line 6.
LaTeX Font Info:    ... okay on input line 6.
LaTeX Font Info:    Checking defaults for T1/cmr/m/n on input line 6.
LaTeX Font Info:    ... okay on input line 6.
LaTeX Font Info:    Checking defaults for OT1/cmr/m/n on input line 6.
LaTeX Font Info:    ... okay on input line 6.
LaTeX Font Info:    Checking defaults for OMS/cmsy/m/n on input line 6.
LaTeX Font Info:    ... okay on input line 6.
LaTeX Font Info:    Checking defaults for OMX/cmex/m/n on input line 6.
LaTeX Font Info:    ... okay on input line 6.
LaTeX Font Info:    Checking defaults for U/cmr/m/n on input line 6.
LaTeX Font Info:    ... okay on input line 6.

(/usr/local/texlive/2017/texmf-dist/tex/context/base/mkii/supp-pdf.mkii
[Loading MPS to PDF converter (version 2006.09.02).]
\scratchcounter=\count97
\scratchdimen=\dimen119
\scratchbox=\box30
\nofMPsegments=\count98
\nofMParguments=\count99
\everyMPshowfont=\toks16
\MPscratchCnt=\count100
\MPscratchDim=\dimen120
\MPnumerator=\count101
\makeMPintoPDFobject=\count102
\everyMPtoPDFconversion=\toks17
) (/usr/local/texlive/2017/texmf-dist/tex/generic/oberdiek/pdftexcmds.sty
Package: pdftexcmds 2017/03/19 v0.25 Utility functions of pdfTeX for LuaTeX (HO
)

(/usr/local/texlive/2017/texmf-dist/tex/generic/oberdiek/ifluatex.sty
Package: ifluatex 2016/05/16 v1.4 Provides the ifluatex switch (HO)
Package ifluatex Info: LuaTeX not detected.
)
(/usr/local/texlive/2017/texmf-dist/tex/generic/oberdiek/ifpdf.sty
Package: ifpdf 2017/03/15 v3.2 Provides the ifpdf switch
)
Package pdftexcmds Info: LuaTeX not detected.
Package pdftexcmds Info: \pdf@primitive is available.
Package pdftexcmds Info: \pdf@ifprimitive is available.
Package pdftexcmds Info: \pdfdraftmode found.
)
(/usr/local/texlive/2017/texmf-dist/tex/latex/oberdiek/epstopdf-base.sty
Package: epstopdf-base 2016/05/15 v2.6 Base part for package epstopdf

(/usr/local/texlive/2017/texmf-dist/tex/latex/oberdiek/grfext.sty
Package: grfext 2016/05/16 v1.2 Manage graphics extensions (HO)

(/usr/local/texlive/2017/texmf-dist/tex/generic/oberdiek/kvdefinekeys.sty
Package: kvdefinekeys 2016/05/16 v1.4 Define keys (HO)
))
(/usr/local/texlive/2017/texmf-dist/tex/latex/oberdiek/kvoptions.sty
Package: kvoptions 2016/05/16 v3.12 Key value format for package options (HO)

(/usr/local/texlive/2017/texmf-dist/tex/generic/oberdiek/kvsetkeys.sty
Package: kvsetkeys 2016/05/16 v1.17 Key value parser (HO)

(/usr/local/texlive/2017/texmf-dist/tex/generic/oberdiek/etexcmds.sty
Package: etexcmds 2016/05/16 v1.6 Avoid name clashes with e-TeX commands (HO)
Package etexcmds Info: Could not find \expanded.
(etexcmds)             That can mean that you are not using pdfTeX 1.50 or
(etexcmds)             that some package has redefined \expanded.
(etexcmds)             In the latter case, load this package earlier.
)))
Package epstopdf-base Info: Redefining graphics rule for `.eps' on input line 4
38.
Package grfext Info: Graphics extension search list:
(grfext)             [.png,.pdf,.jpg,.mps,.jpeg,.jbig2,.jb2,.PNG,.PDF,.JPG,.JPE
G,.JBIG2,.JB2,.eps]
(grfext)             \AppendGraphicsExtensions on input line 456.

(/usr/local/texlive/2017/texmf-dist/tex/latex/latexconfig/epstopdf-sys.cfg
File: epstopdf-sys.cfg 2010/07/13 v1.3 Configuration of (r)epstopdf for TeX Liv
e
))
LaTeX Font Info:    External font `cmex10' loaded for size
(Font)              <12> on input line 11.
LaTeX Font Info:    External font `cmex10' loaded for size
(Font)              <8> on input line 11.
LaTeX Font Info:    External font `cmex10' loaded for size
(Font)              <6> on input line 11.

(./data_definition.tex
LaTeX Font Info:    External font `cmex10' loaded for size
(Font)              <10.95> on input line 1.
)
Overfull \hbox (144.33086pt too wide) in paragraph at lines 1--14
[][]
 []


Underfull \hbox (badness 10000) in paragraph at lines 1--14

 []

[1

{/usr/local/texlive/2017/texmf-var/fonts/map/pdftex/updmap/pdftex.map}]
(./r_statistics.tex [2]) [3]
<../figures/mask.pdf, id=19, 648.47495pt x 372.93304pt>
File: ../figures/mask.pdf Graphic file (type pdf)

<use ../figures/mask.pdf>
Package pdftex.def Info: ../figures/mask.pdf used on input line 21.
(pdftex.def)             Requested size: 431.9989pt x 248.43552pt.

Overfull \hbox (71.9989pt too wide) in paragraph at lines 21--22
 [][] 
 []

<../figures/ps_and_bbposterir_cMILC00.pdf, id=20, 962.29514pt x 360.61916pt>
File: ../figures/ps_and_bbposterir_cMILC00.pdf Graphic file (type pdf)

<use ../figures/ps_and_bbposterir_cMILC00.pdf>
Package pdftex.def Info: ../figures/ps_and_bbposterir_cMILC00.pdf used on input
 line 27.
(pdftex.def)             Requested size: 431.9989pt x 161.89194pt.

<../figures/ps_and_bbposterir_cMILC01.pdf, id=21, 962.29514pt x 360.61916pt>
File: ../figures/ps_and_bbposterir_cMILC01.pdf Graphic file (type pdf)

<use ../figures/ps_and_bbposterir_cMILC01.pdf>
Package pdftex.def Info: ../figures/ps_and_bbposterir_cMILC01.pdf used on input
 line 28.
(pdftex.def)             Requested size: 431.9989pt x 161.89194pt.

<../figures/ps_and_bbposterir_cMILC02.pdf, id=22, 962.29514pt x 360.61916pt>
File: ../figures/ps_and_bbposterir_cMILC02.pdf Graphic file (type pdf)

<use ../figures/ps_and_bbposterir_cMILC02.pdf>
Package pdftex.def Info: ../figures/ps_and_bbposterir_cMILC02.pdf used on input
 line 29.
(pdftex.def)             Requested size: 431.9989pt x 161.89194pt.

Overfull \hbox (71.9989pt too wide) in paragraph at lines 27--30
 [][] 
 []


Overfull \hbox (71.9989pt too wide) in paragraph at lines 27--30
 [] 
 []


Overfull \hbox (71.9989pt too wide) in paragraph at lines 27--30
 [] 
 []

<../figures/ps_and_bbposterir_cMILC03.pdf, id=23, 962.29514pt x 360.61916pt>
File: ../figures/ps_and_bbposterir_cMILC03.pdf Graphic file (type pdf)

<use ../figures/ps_and_bbposterir_cMILC03.pdf>
Package pdftex.def Info: ../figures/ps_and_bbposterir_cMILC03.pdf used on input
 line 33.
(pdftex.def)             Requested size: 431.9989pt x 161.89194pt.

<../figures/ps_and_bbposterir_cMILC04.pdf, id=24, 962.29514pt x 360.61916pt>
File: ../figures/ps_and_bbposterir_cMILC04.pdf Graphic file (type pdf)

<use ../figures/ps_and_bbposterir_cMILC04.pdf>
Package pdftex.def Info: ../figures/ps_and_bbposterir_cMILC04.pdf used on input
 line 34.
(pdftex.def)             Requested size: 431.9989pt x 161.89194pt.

<../figures/ps_and_bbposterir_cMILC05.pdf, id=25, 962.29514pt x 360.61916pt>
File: ../figures/ps_and_bbposterir_cMILC05.pdf Graphic file (type pdf)

<use ../figures/ps_and_bbposterir_cMILC05.pdf>
Package pdftex.def Info: ../figures/ps_and_bbposterir_cMILC05.pdf used on input
 line 35.
(pdftex.def)             Requested size: 431.9989pt x 161.89194pt.

Overfull \hbox (71.9989pt too wide) in paragraph at lines 33--36
 [][] 
 []


Overfull \hbox (71.9989pt too wide) in paragraph at lines 33--36
 [] 
 []


Overfull \hbox (71.9989pt too wide) in paragraph at lines 33--36
 [] 
 []

<../figures/ps_and_bbposterir_cMILC06.pdf, id=26, 962.29514pt x 360.61916pt>
File: ../figures/ps_and_bbposterir_cMILC06.pdf Graphic file (type pdf)

<use ../figures/ps_and_bbposterir_cMILC06.pdf>
Package pdftex.def Info: ../figures/ps_and_bbposterir_cMILC06.pdf used on input
 line 39.
(pdftex.def)             Requested size: 431.9989pt x 161.89194pt.

<../figures/ps_and_bbposterir_cMILC07.pdf, id=27, 962.29514pt x 360.61916pt>
File: ../figures/ps_and_bbposterir_cMILC07.pdf Graphic file (type pdf)

<use ../figures/ps_and_bbposterir_cMILC07.pdf>
Package pdftex.def Info: ../figures/ps_and_bbposterir_cMILC07.pdf used on input
 line 40.
(pdftex.def)             Requested size: 431.9989pt x 161.89194pt.

<../figures/ps_and_bbposterir_cMILC08.pdf, id=28, 962.29514pt x 360.61916pt>
File: ../figures/ps_and_bbposterir_cMILC08.pdf Graphic file (type pdf)

<use ../figures/ps_and_bbposterir_cMILC08.pdf>
Package pdftex.def Info: ../figures/ps_and_bbposterir_cMILC08.pdf used on input
 line 41.
(pdftex.def)             Requested size: 431.9989pt x 161.89194pt.

Overfull \hbox (71.9989pt too wide) in paragraph at lines 39--42
 [][] 
 []


Overfull \hbox (71.9989pt too wide) in paragraph at lines 39--42
 [] 
 []


Overfull \hbox (71.9989pt too wide) in paragraph at lines 39--42
 [] 
 []

<../figures/ps_and_bbposterir_cMILC09.pdf, id=29, 962.29514pt x 360.61916pt>
File: ../figures/ps_and_bbposterir_cMILC09.pdf Graphic file (type pdf)

<use ../figures/ps_and_bbposterir_cMILC09.pdf>
Package pdftex.def Info: ../figures/ps_and_bbposterir_cMILC09.pdf used on input
 line 45.
(pdftex.def)             Requested size: 431.9989pt x 161.89194pt.

<../figures/ps_and_bbposterir_cMILC10.pdf, id=30, 962.29514pt x 360.61916pt>
File: ../figures/ps_and_bbposterir_cMILC10.pdf Graphic file (type pdf)

<use ../figures/ps_and_bbposterir_cMILC10.pdf>
Package pdftex.def Info: ../figures/ps_and_bbposterir_cMILC10.pdf used on input
 line 46.
(pdftex.def)             Requested size: 431.9989pt x 161.89194pt.

<../figures/ps_and_bbposterir_cMILC11.pdf, id=31, 962.29514pt x 360.61916pt>
File: ../figures/ps_and_bbposterir_cMILC11.pdf Graphic file (type pdf)

<use ../figures/ps_and_bbposterir_cMILC11.pdf>
Package pdftex.def Info: ../figures/ps_and_bbposterir_cMILC11.pdf used on input
 line 47.
(pdftex.def)             Requested size: 431.9989pt x 161.89194pt.

Overfull \hbox (71.9989pt too wide) in paragraph at lines 45--48
 [][] 
 []


Overfull \hbox (71.9989pt too wide) in paragraph at lines 45--48
 [] 
 []


Overfull \hbox (71.9989pt too wide) in paragraph at lines 45--48
 [] 
 []

<../figures/ps_and_bbposterir_cMILC12.pdf, id=32, 962.29514pt x 360.61916pt>
File: ../figures/ps_and_bbposterir_cMILC12.pdf Graphic file (type pdf)

<use ../figures/ps_and_bbposterir_cMILC12.pdf>
Package pdftex.def Info: ../figures/ps_and_bbposterir_cMILC12.pdf used on input
 line 51.
(pdftex.def)             Requested size: 431.9989pt x 161.89194pt.

<../figures/ps_and_bbposterir_cMILC13.pdf, id=33, 962.29514pt x 360.61916pt>
File: ../figures/ps_and_bbposterir_cMILC13.pdf Graphic file (type pdf)

<use ../figures/ps_and_bbposterir_cMILC13.pdf>
Package pdftex.def Info: ../figures/ps_and_bbposterir_cMILC13.pdf used on input
 line 52.
(pdftex.def)             Requested size: 431.9989pt x 161.89194pt.

<../figures/ps_and_bbposterir_cMILC14.pdf, id=34, 962.29514pt x 360.61916pt>
File: ../figures/ps_and_bbposterir_cMILC14.pdf Graphic file (type pdf)

<use ../figures/ps_and_bbposterir_cMILC14.pdf>
Package pdftex.def Info: ../figures/ps_and_bbposterir_cMILC14.pdf used on input
 line 53.
(pdftex.def)             Requested size: 431.9989pt x 161.89194pt.

Overfull \hbox (71.9989pt too wide) in paragraph at lines 51--54
 [][] 
 []


Overfull \hbox (71.9989pt too wide) in paragraph at lines 51--54
 [] 
 []


Overfull \hbox (71.9989pt too wide) in paragraph at lines 51--54
 [] 
 []

[4 <../figures/mask.pdf>] [5 <../figures/ps_and_bbposterir_cMILC00.pdf> <../fig
ures/ps_and_bbposterir_cMILC01.pdf

pdfTeX warning: /Library/TeX/texbin/pdflatex (file ../figures/ps_and_bbposterir
_cMILC01.pdf): PDF inclusion: multiple pdfs with page group included in a singl
e page
> <../figures/ps_and_bbposterir_cMILC02.pdf

pdfTeX warning: /Library/TeX/texbin/pdflatex (file ../figures/ps_and_bbposterir
_cMILC02.pdf): PDF inclusion: multiple pdfs with page group included in a singl
e page
>] [6 <../figures/ps_and_bbposterir_cMILC03.pdf> <../figures/ps_and_bbposterir_
cMILC04.pdf

pdfTeX warning: /Library/TeX/texbin/pdflatex (file ../figures/ps_and_bbposterir
_cMILC04.pdf): PDF inclusion: multiple pdfs with page group included in a singl
e page
> <../figures/ps_and_bbposterir_cMILC05.pdf

pdfTeX warning: /Library/TeX/texbin/pdflatex (file ../figures/ps_and_bbposterir
_cMILC05.pdf): PDF inclusion: multiple pdfs with page group included in a singl
e page
>] [7 <../figures/ps_and_bbposterir_cMILC06.pdf> <../figures/ps_and_bbposterir_
cMILC07.pdf

pdfTeX warning: /Library/TeX/texbin/pdflatex (file ../figures/ps_and_bbposterir
_cMILC07.pdf): PDF inclusion: multiple pdfs with page group included in a singl
e page
> <../figures/ps_and_bbposterir_cMILC08.pdf

pdfTeX warning: /Library/TeX/texbin/pdflatex (file ../figures/ps_and_bbposterir
_cMILC08.pdf): PDF inclusion: multiple pdfs with page group included in a singl
e page
>] [8 <../figures/ps_and_bbposterir_cMILC09.pdf> <../figures/ps_and_bbposterir_
cMILC10.pdf

pdfTeX warning: /Library/TeX/texbin/pdflatex (file ../figures/ps_and_bbposterir
_cMILC10.pdf): PDF inclusion: multiple pdfs with page group included in a singl
e page
> <../figures/ps_and_bbposterir_cMILC11.pdf

pdfTeX warning: /Library/TeX/texbin/pdflatex (file ../figures/ps_and_bbposterir
_cMILC11.pdf): PDF inclusion: multiple pdfs with page group included in a singl
e page
>] [9 <../figures/ps_and_bbposterir_cMILC12.pdf> <../figures/ps_and_bbposterir_
cMILC13.pdf

pdfTeX warning: /Library/TeX/texbin/pdflatex (file ../figures/ps_and_bbposterir
_cMILC13.pdf): PDF inclusion: multiple pdfs with page group included in a singl
e page
> <../figures/ps_and_bbposterir_cMILC14.pdf

pdfTeX warning: /Library/TeX/texbin/pdflatex (file ../figures/ps_and_bbposterir
_cMILC14.pdf): PDF inclusion: multiple pdfs with page group included in a singl
e page
>]
<../figures/LITEBIRD_summary_statistics.pdf, id=1239, 963.6596pt x 272.34938pt>
File: ../figures/LITEBIRD_summary_statistics.pdf Graphic file (type pdf)
<use ../figures/LITEBIRD_summary_statistics.pdf>
Package pdftex.def Info: ../figures/LITEBIRD_summary_statistics.pdf used on inp
ut line 60.
(pdftex.def)             Requested size: 431.9989pt x 122.09064pt.

Overfull \hbox (71.9989pt too wide) in paragraph at lines 60--61
 [][] 
 []

[10 <../figures/LITEBIRD_summary_statistics.pdf>]
(./litebird_r_statistics_bicep.aux) ) 
Here is how much of TeX's memory you used:
 1726 strings out of 492995
 27096 string characters out of 6132704
 97739 words of memory out of 5000000
 5259 multiletter control sequences out of 15000+600000
 8196 words of font info for 29 fonts, out of 8000000 for 9000
 1141 hyphenation exceptions out of 8191
 39i,9n,25p,389b,225s stack positions out of 5000i,500n,10000p,200000b,80000s
</usr/local/texlive/2017/texmf-dist/fonts/
type1/public/amsfonts/cm/cmbx12.pfb></usr/local/texlive/2017/texmf-dist/fonts/t
ype1/public/amsfonts/cm/cmmi10.pfb></usr/local/texlive/2017/texmf-dist/fonts/ty
pe1/public/amsfonts/cm/cmmi8.pfb></usr/local/texlive/2017/texmf-dist/fonts/type
1/public/amsfonts/cm/cmr10.pfb></usr/local/texlive/2017/texmf-dist/fonts/type1/
public/amsfonts/cm/cmr12.pfb></usr/local/texlive/2017/texmf-dist/fonts/type1/pu
blic/amsfonts/cm/cmr17.pfb></usr/local/texlive/2017/texmf-dist/fonts/type1/publ
ic/amsfonts/cm/cmr6.pfb></usr/local/texlive/2017/texmf-dist/fonts/type1/public/
amsfonts/cm/cmr8.pfb>
Output written on litebird_r_statistics_bicep.pdf (10 pages, 520625 bytes).
PDF statistics:
 1327 PDF objects out of 1440 (max. 8388607)
 210 compressed objects within 3 object streams
 0 named destinations out of 1000 (max. 500000)
 86 words of extra memory for PDF output out of 10000 (max. 10000000)

